<?xml version="1.0" encoding="UTF-8"?>
<!-- Generated by org.testng.reporters.JUnitReportReporter -->
<testsuite hostname="DESKTOP-2EVCIH4" failures="0" tests="1" name="testClasses.LoginPageTest" time="12.470" errors="0" timestamp="2022-06-13T17:02:52 IST" skipped="0">
  <testcase classname="testClasses.LoginPageTest" name="EnterCredentialsTest" time="12.470"/>
  <system-out/>
</testsuite> <!-- testClasses.LoginPageTest -->
