<?xml version="1.0" encoding="UTF-8"?>
<!-- Generated by org.testng.reporters.JUnitReportReporter -->
<testsuite hostname="DESKTOP-2EVCIH4" failures="0" tests="1" name="testClasses.HomePageTest" time="16.365" errors="0" timestamp="2022-06-13T17:02:52 IST" skipped="0">
  <testcase classname="testClasses.HomePageTest" name="creatingPostTest" time="16.365"/>
  <system-out/>
</testsuite> <!-- testClasses.HomePageTest -->
